<?xml version="1.0" encoding="UTF-8"?>
<!-- Generated by org.testng.reporters.JUnitReportReporter -->
<testsuite hostname="LAPTOP-21TTL97P" failures="0" tests="1" name="test.HomePageTest" time="2.589" errors="0" timestamp="22 Apr 2023 06:55:17 GMT" skipped="0">
  <testcase classname="test.HomePageTest" name="test3" time="2.589"/>
</testsuite> <!-- test.HomePageTest -->
