<?xml version="1.0" encoding="UTF-8"?>
<!-- Generated by org.testng.reporters.JUnitReportReporter -->
<testsuite skipped="0" hostname="LAPTOP-21TTL97P" name="test.LoginTest" tests="3" failures="0" timestamp="29 Apr 2023 07:26:29 GMT" time="36.412" errors="0">
  <testcase name="test4" time="11.916" classname="test.LoginTest"/>
  <testcase name="test2" time="12.091" classname="test.LoginTest"/>
  <testcase name="test1" time="12.405" classname="test.LoginTest"/>
</testsuite> <!-- test.LoginTest -->
